<?xml version="1.0" encoding="UTF-8"?>
<testng-results ignored="0" total="1" passed="1" failed="0" skipped="0">
  <reporter-output>
  </reporter-output>
  <suite started-at="2022-08-08T23:59:52 IST" name="Default suite" finished-at="2022-08-09T00:01:03 IST" duration-ms="70876">
    <groups>
    </groups>
    <test started-at="2022-08-08T23:59:52 IST" name="Default test" finished-at="2022-08-09T00:01:03 IST" duration-ms="70876">
      <class name="test_2.Test2">
        <test-method signature="test1()[pri:0, instance:test_2.Test2@3f197a46]" started-at="2022-08-08T23:59:52 IST" name="test1" finished-at="2022-08-09T00:01:03 IST" duration-ms="70807" status="PASS">
          <reporter-output>
          </reporter-output>
        </test-method> <!-- test1 -->
      </class> <!-- test_2.Test2 -->
    </test> <!-- Default test -->
  </suite> <!-- Default suite -->
</testng-results>
